<?xml version="1.0" encoding="UTF-8"?>
<testng-results skipped="0" failed="0" ignored="1" total="2" passed="1">
  <reporter-output>
  </reporter-output>
  <suite name="Suite" duration-ms="19789" started-at="2020-11-30T11:32:34Z" finished-at="2020-11-30T11:32:54Z">
    <groups>
    </groups>
    <test name="Test" duration-ms="19789" started-at="2020-11-30T11:32:34Z" finished-at="2020-11-30T11:32:54Z">
      <class name="com.testAutomation.Testcases.LoginTestWordpress">
        <test-method status="PASS" signature="setupSuit()[pri:0, instance:com.testAutomation.Testcases.LoginTestWordpress@2f177a4b]" name="setupSuit" is-config="true" duration-ms="513" started-at="2020-11-30T17:02:33Z" finished-at="2020-11-30T17:02:34Z">
          <reporter-output>
          </reporter-output>
        </test-method> <!-- setupSuit -->
        <test-method status="PASS" signature="setup()[pri:0, instance:com.testAutomation.Testcases.LoginTestWordpress@2f177a4b]" name="setup" is-config="true" duration-ms="10222" started-at="2020-11-30T17:02:34Z" finished-at="2020-11-30T17:02:44Z">
          <reporter-output>
          </reporter-output>
        </test-method> <!-- setup -->
        <test-method status="PASS" signature="LoginToWordpress()[pri:0, instance:com.testAutomation.Testcases.LoginTestWordpress@2f177a4b]" name="LoginToWordpress" duration-ms="8283" started-at="2020-11-30T17:02:44Z" finished-at="2020-11-30T17:02:52Z">
          <reporter-output>
          </reporter-output>
        </test-method> <!-- LoginToWordpress -->
        <test-method status="PASS" signature="teardownMethod(org.testng.ITestResult)[pri:0, instance:com.testAutomation.Testcases.LoginTestWordpress@2f177a4b]" name="teardownMethod" is-config="true" duration-ms="630" started-at="2020-11-30T17:02:52Z" finished-at="2020-11-30T17:02:53Z">
          <params>
            <param index="0">
              <value>
                <![CDATA[[TestResult name=LoginToWordpress status=SUCCESS method=LoginTestWordpress.LoginToWordpress()[pri:0, instance:com.testAutomation.Testcases.LoginTestWordpress@2f177a4b] output={null}]]]>
              </value>
            </param>
          </params>
          <reporter-output>
          </reporter-output>
        </test-method> <!-- teardownMethod -->
        <test-method status="PASS" signature="tearDown()[pri:0, instance:com.testAutomation.Testcases.LoginTestWordpress@2f177a4b]" name="tearDown" is-config="true" duration-ms="635" started-at="2020-11-30T17:02:53Z" finished-at="2020-11-30T17:02:54Z">
          <reporter-output>
          </reporter-output>
        </test-method> <!-- tearDown -->
      </class> <!-- com.testAutomation.Testcases.LoginTestWordpress -->
    </test> <!-- Test -->
  </suite> <!-- Suite -->
</testng-results>
