<?xml version="1.0" encoding="UTF-8"?>
<!-- Generated by org.testng.reporters.JUnitXMLReporter -->
<testsuite hostname="LAPTOP-HE7823DA" ignored="1" name="Test" tests="1" failures="0" timestamp="30 Nov 2020 11:32:54 GMT" time="19.789" errors="0">
  <testcase name="LoginToWordpress" time="8.283" classname="com.testAutomation.Testcases.LoginTestWordpress"/>
  <testcase name="@BeforeSuite setupSuit" time="0.0" classname="com.testAutomation.pages.Baseclass">
    <ignored/>
  </testcase> <!-- @BeforeSuite setupSuit -->
</testsuite> <!-- Test -->
